<?xml version="1.0" encoding="UTF-8"?>
<robot generator="Robot 7.0 (Python 3.12.2 on win32)" generated="2024-05-16T16:28:27.172178" rpa="false" schemaversion="5">
<suite id="s1" name="UseCase01 19 21 Multiple User Credentials" source="C:\Users\manis\PycharmProjects\pythonProject2\UseCase01_19_21_Multiple_User_Credentials.robot">
<test id="s1-t1" name="Launch App Test_1" line="14">
<kw name="Open Application" owner="AppiumLibrary">
<kw name="Capture Page Screenshot" owner="AppiumLibrary">
<doc>Takes a screenshot of the current page and embeds it into the log.</doc>
<status status="FAIL" start="2024-05-16T16:28:45.721303" elapsed="0.000000">Execution terminated by signal</status>
</kw>
<msg time="2024-05-16T16:28:45.721303" level="WARN">Keyword 'Capture Page Screenshot' could not be run on failure: Execution terminated by signal</msg>
<arg>${REMOTE_URL}</arg>
<arg>app=${APP}</arg>
<arg>platformName=${PLATFORM_NAME}</arg>
<arg>deviceName=${DEVICE_NAME}</arg>
<arg>appPackage=${APP_PACKAGE}</arg>
<arg>appActivity=${APP_ACTIVITY}</arg>
<arg>automationName=${AUTOMATION_NAME}</arg>
<doc>Opens a new application to given Appium server.
Capabilities of appium server, Android and iOS,
Please check https://github.com/appium/appium/blob/master/docs/en/writing-running-appium/server-args.md
| *Option*            | *Man.* | *Description*     |
| remote_url          | Yes    | Appium server url |
| alias               | no     | alias             |
| strict_ssl          | No     | allows you to send commands to an invalid certificate host like a self-signed one. |</doc>
<status status="FAIL" start="2024-05-16T16:28:27.492351" elapsed="18.228952">Execution terminated by signal</status>
</kw>
<kw name="Wait Until Element Is Visible" owner="AppiumLibrary">
<arg>xpath=//android.widget.Button[@resource-id="com.android.permissioncontroller:id/permission_allow_button"]</arg>
<arg>timeout=90</arg>
<doc>Waits until element specified with `locator` is visible.</doc>
<status status="NOT RUN" start="2024-05-16T16:28:45.721303" elapsed="0.000000"/>
</kw>
<kw name="Click Element" owner="AppiumLibrary">
<arg>xpath=//android.widget.Button[@resource-id="com.android.permissioncontroller:id/permission_allow_button"]</arg>
<doc>Click element identified by `locator`.</doc>
<status status="NOT RUN" start="2024-05-16T16:28:45.721303" elapsed="0.000000"/>
</kw>
<kw name="Sleep" owner="BuiltIn">
<arg>1</arg>
<doc>Pauses the test executed for the given time.</doc>
<status status="NOT RUN" start="2024-05-16T16:28:45.721303" elapsed="0.000000"/>
</kw>
<status status="FAIL" start="2024-05-16T16:28:27.492351" elapsed="18.228952">Execution terminated by signal</status>
</test>
<test id="s1-t2" name="Enter Username_1" line="20">
<tag>robot:exit</tag>
<status status="FAIL" start="2024-05-16T16:28:45.729666" elapsed="0.000000">Test execution stopped due to a fatal error.</status>
</test>
<test id="s1-t3" name="Enter Password_1" line="27">
<tag>robot:exit</tag>
<status status="FAIL" start="2024-05-16T16:28:45.731176" elapsed="0.000000">Test execution stopped due to a fatal error.</status>
</test>
<test id="s1-t4" name="Submit Credentials_1" line="32">
<tag>robot:exit</tag>
<status status="FAIL" start="2024-05-16T16:28:45.732666" elapsed="0.002431">Test execution stopped due to a fatal error.</status>
</test>
<test id="s1-t5" name="Handle Login Prompt_1" line="37">
<tag>robot:exit</tag>
<status status="FAIL" start="2024-05-16T16:28:45.736887" elapsed="0.000000">Test execution stopped due to a fatal error.</status>
</test>
<test id="s1-t6" name="Verify the sidebar_1" line="50">
<tag>robot:exit</tag>
<status status="FAIL" start="2024-05-16T16:28:45.736887" elapsed="0.002412">Test execution stopped due to a fatal error.</status>
</test>
<test id="s1-t7" name="Launch App Test_2" line="61">
<tag>robot:exit</tag>
<status status="FAIL" start="2024-05-16T16:28:45.740652" elapsed="0.000000">Test execution stopped due to a fatal error.</status>
</test>
<test id="s1-t8" name="Enter Username_2" line="67">
<tag>robot:exit</tag>
<status status="FAIL" start="2024-05-16T16:28:45.740652" elapsed="0.003557">Test execution stopped due to a fatal error.</status>
</test>
<test id="s1-t9" name="Enter Password_2" line="74">
<tag>robot:exit</tag>
<status status="FAIL" start="2024-05-16T16:28:45.744717" elapsed="0.000000">Test execution stopped due to a fatal error.</status>
</test>
<test id="s1-t10" name="Submit Credentials_2" line="79">
<tag>robot:exit</tag>
<status status="FAIL" start="2024-05-16T16:28:45.744717" elapsed="0.000000">Test execution stopped due to a fatal error.</status>
</test>
<test id="s1-t11" name="Handle Login Prompt_2" line="84">
<tag>robot:exit</tag>
<status status="FAIL" start="2024-05-16T16:28:45.744717" elapsed="0.000000">Test execution stopped due to a fatal error.</status>
</test>
<test id="s1-t12" name="Select the channel_2" line="97">
<tag>robot:exit</tag>
<status status="FAIL" start="2024-05-16T16:28:45.744717" elapsed="0.000000">Test execution stopped due to a fatal error.</status>
</test>
<test id="s1-t13" name="Verify Zone dropdown option_2" line="103">
<tag>robot:exit</tag>
<status status="FAIL" start="2024-05-16T16:28:45.744717" elapsed="0.004009">Test execution stopped due to a fatal error.</status>
</test>
<test id="s1-t14" name="Verify region dropdown option_2" line="112">
<tag>robot:exit</tag>
<status status="FAIL" start="2024-05-16T16:28:45.748726" elapsed="0.001503">Test execution stopped due to a fatal error.</status>
</test>
<test id="s1-t15" name="Enter in the homepage_2" line="119">
<tag>robot:exit</tag>
<status status="FAIL" start="2024-05-16T16:28:45.750229" elapsed="0.000000">Test execution stopped due to a fatal error.</status>
</test>
<test id="s1-t16" name="Verify the sidebar_2" line="123">
<tag>robot:exit</tag>
<status status="FAIL" start="2024-05-16T16:28:45.750229" elapsed="0.004851">Test execution stopped due to a fatal error.</status>
</test>
<test id="s1-t17" name="Launch App Test_3" line="135">
<tag>robot:exit</tag>
<status status="FAIL" start="2024-05-16T16:28:45.755080" elapsed="0.001411">Test execution stopped due to a fatal error.</status>
</test>
<test id="s1-t18" name="Enter Username_3" line="141">
<tag>robot:exit</tag>
<status status="FAIL" start="2024-05-16T16:28:45.756491" elapsed="0.001871">Test execution stopped due to a fatal error.</status>
</test>
<test id="s1-t19" name="Enter Password_3" line="146">
<tag>robot:exit</tag>
<status status="FAIL" start="2024-05-16T16:28:45.758362" elapsed="0.001562">Test execution stopped due to a fatal error.</status>
</test>
<test id="s1-t20" name="Submit Credentials_3" line="152">
<tag>robot:exit</tag>
<status status="FAIL" start="2024-05-16T16:28:45.759924" elapsed="0.001359">Test execution stopped due to a fatal error.</status>
</test>
<test id="s1-t21" name="Handle Login Prompt_3" line="157">
<tag>robot:exit</tag>
<status status="FAIL" start="2024-05-16T16:28:45.761283" elapsed="0.001778">Test execution stopped due to a fatal error.</status>
</test>
<test id="s1-t22" name="Verify the sidebar_3" line="170">
<tag>robot:exit</tag>
<status status="FAIL" start="2024-05-16T16:28:45.763061" elapsed="0.001511">Test execution stopped due to a fatal error.</status>
</test>
<test id="s1-t23" name="Launch App Test_4" line="182">
<tag>robot:exit</tag>
<status status="FAIL" start="2024-05-16T16:28:45.765731" elapsed="0.000000">Test execution stopped due to a fatal error.</status>
</test>
<test id="s1-t24" name="Enter Username_4" line="188">
<tag>robot:exit</tag>
<status status="FAIL" start="2024-05-16T16:28:45.765731" elapsed="0.000000">Test execution stopped due to a fatal error.</status>
</test>
<test id="s1-t25" name="Enter Password_4" line="195">
<tag>robot:exit</tag>
<status status="FAIL" start="2024-05-16T16:28:45.769529" elapsed="0.000000">Test execution stopped due to a fatal error.</status>
</test>
<test id="s1-t26" name="Submit Credentials_4" line="201">
<tag>robot:exit</tag>
<status status="FAIL" start="2024-05-16T16:28:45.770541" elapsed="0.000000">Test execution stopped due to a fatal error.</status>
</test>
<test id="s1-t27" name="Handle Login Prompt_4" line="206">
<tag>robot:exit</tag>
<status status="FAIL" start="2024-05-16T16:28:45.770541" elapsed="0.000000">Test execution stopped due to a fatal error.</status>
</test>
<test id="s1-t28" name="Enter in the homepage_4" line="218">
<tag>robot:exit</tag>
<status status="FAIL" start="2024-05-16T16:28:45.770541" elapsed="0.005687">Test execution stopped due to a fatal error.</status>
</test>
<test id="s1-t29" name="Verify the sidebar_4" line="226">
<tag>robot:exit</tag>
<status status="FAIL" start="2024-05-16T16:28:45.778161" elapsed="0.000000">Test execution stopped due to a fatal error.</status>
</test>
<test id="s1-t30" name="Launch App Test_5" line="238">
<tag>robot:exit</tag>
<status status="FAIL" start="2024-05-16T16:28:45.778161" elapsed="0.002515">Test execution stopped due to a fatal error.</status>
</test>
<test id="s1-t31" name="Enter Username_5" line="244">
<tag>robot:exit</tag>
<status status="FAIL" start="2024-05-16T16:28:45.782065" elapsed="0.000000">Test execution stopped due to a fatal error.</status>
</test>
<test id="s1-t32" name="Enter Password_5" line="251">
<tag>robot:exit</tag>
<status status="FAIL" start="2024-05-16T16:28:45.782065" elapsed="0.000000">Test execution stopped due to a fatal error.</status>
</test>
<test id="s1-t33" name="Submit Credentials_5" line="257">
<tag>robot:exit</tag>
<status status="FAIL" start="2024-05-16T16:28:45.782065" elapsed="0.000000">Test execution stopped due to a fatal error.</status>
</test>
<test id="s1-t34" name="Handle Login Prompt_5" line="263">
<tag>robot:exit</tag>
<status status="FAIL" start="2024-05-16T16:28:45.782065" elapsed="0.000000">Test execution stopped due to a fatal error.</status>
</test>
<test id="s1-t35" name="Select the channel_5" line="276">
<tag>robot:exit</tag>
<status status="FAIL" start="2024-05-16T16:28:45.796589" elapsed="0.003462">Test execution stopped due to a fatal error.</status>
</test>
<test id="s1-t36" name="Verify Zone dropdown option_5" line="283">
<tag>robot:exit</tag>
<status status="FAIL" start="2024-05-16T16:28:45.800051" elapsed="0.001254">Test execution stopped due to a fatal error.</status>
</test>
<test id="s1-t37" name="Verify region dropdown option_5" line="292">
<tag>robot:exit</tag>
<status status="FAIL" start="2024-05-16T16:28:45.802744" elapsed="0.000000">Test execution stopped due to a fatal error.</status>
</test>
<test id="s1-t38" name="Enter in the homepage_5" line="299">
<tag>robot:exit</tag>
<status status="FAIL" start="2024-05-16T16:28:45.802744" elapsed="0.002205">Test execution stopped due to a fatal error.</status>
</test>
<test id="s1-t39" name="Verify the sidebar_5" line="303">
<tag>robot:exit</tag>
<status status="FAIL" start="2024-05-16T16:28:45.865334" elapsed="0.000000">Test execution stopped due to a fatal error.</status>
</test>
<status status="FAIL" start="2024-05-16T16:28:27.172178" elapsed="18.693156"/>
</suite>
<statistics>
<total>
<stat pass="0" fail="39" skip="0">All Tests</stat>
</total>
<tag>
<stat pass="0" fail="1" skip="0" info="combined" combined="NOT robot:exit">NOT robot:exit</stat>
</tag>
<suite>
<stat pass="0" fail="39" skip="0" id="s1" name="UseCase01 19 21 Multiple User Credentials">UseCase01 19 21 Multiple User Credentials</stat>
</suite>
</statistics>
<errors>
<msg time="2024-05-16T16:28:45.721303" level="WARN">Keyword 'Capture Page Screenshot' could not be run on failure: Execution terminated by signal</msg>
</errors>
</robot>
